<?xml version="1.0" encoding="UTF-8"?>
<!-- Generated by org.testng.reporters.JUnitXMLReporter -->
<testsuite hostname="WIN-JHSNJM80U4Q" ignored="0" name="Default test" tests="3" failures="0" timestamp="2022-02-03T22:12:24 GMT+07:00" time="0.082" errors="0">
  <testcase name="TestLastName" time="0.047" classname="online_tusur.unit_online_tusur.Test_NG_Dynamic"/>
  <testcase name="TestLastName" time="0.002" classname="online_tusur.unit_online_tusur.Test_NG_Dynamic"/>
  <testcase name="TestLastName" time="0.001" classname="online_tusur.unit_online_tusur.Test_NG_Dynamic"/>
</testsuite> <!-- Default test -->
