-------------------------------------------------------------------------------
Test set: online_tusur.unit_online_tusur.ParamTest
-------------------------------------------------------------------------------
Tests run: 41, Failures: 1, Errors: 0, Skipped: 0, Time elapsed: 0.354 s <<< FAILURE! - in online_tusur.unit_online_tusur.ParamTest
testWithValueSourse{Integer}[1]  Time elapsed: 0.021 s  <<< FAILURE!
org.opentest4j.AssertionFailedError: expected: not equal but was: <18>
	at online_tusur.unit_online_tusur.ParamTest.testWithValueSourse(ParamTest.java:39)

