-------------------------------------------------------------------------------
Test set: online_tusur.unit_online_tusur.StudentTest
-------------------------------------------------------------------------------
Tests run: 3, Failures: 1, Errors: 0, Skipped: 0, Time elapsed: 0.017 s <<< FAILURE! - in online_tusur.unit_online_tusur.StudentTest
testAge_2  Time elapsed: 0.006 s  <<< FAILURE!
org.opentest4j.AssertionFailedError: expected: <50> but was: <18>
	at online_tusur.unit_online_tusur.StudentTest.testAge_2(StudentTest.java:33)

