<?xml version="1.0" encoding="UTF-8"?>
<testsuite xmlns:xsi="http://www.w3.org/2001/XMLSchema-instance" xsi:noNamespaceSchemaLocation="https://maven.apache.org/surefire/maven-surefire-plugin/xsd/surefire-test-report.xsd" name="online_tusur.unit_online_tusur.ParamTest" time="0.354" tests="41" errors="0" skipped="0" failures="1">
  <properties>
[...]
</properties>
  <testcase name="testWithCsvSource{String}[1]" classname="online_tusur.unit_online_tusur.ParamTest" time="0.063"/>
  <testcase name="testWithCsvSource{String}[2]" classname="online_tusur.unit_online_tusur.ParamTest" time="0.001"/>
  <testcase name="testWithCsvSource{String}[3]" classname="online_tusur.unit_online_tusur.ParamTest" time="0.001"/>
  <testcase name="testWithCsvSource{String}[4]" classname="online_tusur.unit_online_tusur.ParamTest" time="0.001"/>
  <testcase name="testWithCsvSource{String}[5]" classname="online_tusur.unit_online_tusur.ParamTest" time="0.001"/>
  <testcase name="testWithValueSource{int}[1]" classname="online_tusur.unit_online_tusur.ParamTest" time="0.003"/>
  <testcase name="testWithValueSource{int}[2]" classname="online_tusur.unit_online_tusur.ParamTest" time="0.001"/>
  <testcase name="testWithValueSource{int}[3]" classname="online_tusur.unit_online_tusur.ParamTest" time="0.001"/>
  <testcase name="testWithValueSource{int}[4]" classname="online_tusur.unit_online_tusur.ParamTest" time="0.002"/>
  <testcase name="testWithValueSourse{Integer}[1]" classname="online_tusur.unit_online_tusur.ParamTest" time="0.021">
    <failure message="expected: not equal but was: &lt;18&gt;" type="org.opentest4j.AssertionFailedError"><![CDATA[org.opentest4j.AssertionFailedError: expected: not equal but was: <18>
	at online_tusur.unit_online_tusur.ParamTest.testWithValueSourse(ParamTest.java:39)
]]></failure>
  </testcase>
  <testcase name="testWithValueSourse{Integer}[2]" classname="online_tusur.unit_online_tusur.ParamTest" time="0.001"/>
  <testcase name="testWithValueSourse{Integer}[3]" classname="online_tusur.unit_online_tusur.ParamTest" time="0"/>
  <testcase name="testWithValueSourse{Integer}[4]" classname="online_tusur.unit_online_tusur.ParamTest" time="0.001"/>
  <testcase name="testWithValueSourse{Integer}[5]" classname="online_tusur.unit_online_tusur.ParamTest" time="0.001"/>
  <testcase name="testWithValueSourse{Integer}[6]" classname="online_tusur.unit_online_tusur.ParamTest" time="0.001"/>
  <testcase name="testWithValueSourse{Integer}[7]" classname="online_tusur.unit_online_tusur.ParamTest" time="0.001"/>
  <testcase name="testWithValueSourse{Integer}[8]" classname="online_tusur.unit_online_tusur.ParamTest" time="0"/>
  <testcase name="testWithValueSourse{Integer}[9]" classname="online_tusur.unit_online_tusur.ParamTest" time="0.001"/>
  <testcase name="testWithValueSourse{Integer}[10]" classname="online_tusur.unit_online_tusur.ParamTest" time="0.001"/>
  <testcase name="testWithValueSourse{Integer}[11]" classname="online_tusur.unit_online_tusur.ParamTest" time="0.001"/>
  <testcase name="testWithValueSourse{Integer}[12]" classname="online_tusur.unit_online_tusur.ParamTest" time="0.001"/>
  <testcase name="testWithValueSourse{Integer}[13]" classname="online_tusur.unit_online_tusur.ParamTest" time="0"/>
  <testcase name="testWithValueSourse{Integer}[14]" classname="online_tusur.unit_online_tusur.ParamTest" time="0"/>
  <testcase name="testWithValueSourse{Integer}[15]" classname="online_tusur.unit_online_tusur.ParamTest" time="0.001"/>
  <testcase name="testWithValueSourse{Integer}[16]" classname="online_tusur.unit_online_tusur.ParamTest" time="0.002"/>
  <testcase name="testWithValueSourse{Integer}[17]" classname="online_tusur.unit_online_tusur.ParamTest" time="0.001"/>
  <testcase name="testWithValueSourse{Integer}[18]" classname="online_tusur.unit_online_tusur.ParamTest" time="0.001"/>
  <testcase name="testWithValueSourse{Integer}[19]" classname="online_tusur.unit_online_tusur.ParamTest" time="0.001"/>
  <testcase name="testWithValueSourse{Integer}[20]" classname="online_tusur.unit_online_tusur.ParamTest" time="0.001"/>
  <testcase name="testWithValueSourse{Integer}[21]" classname="online_tusur.unit_online_tusur.ParamTest" time="0.001"/>
  <testcase name="testWithValueSourse{Integer}[22]" classname="online_tusur.unit_online_tusur.ParamTest" time="0.001"/>
  <testcase name="testWithValueSourse{Integer}[23]" classname="online_tusur.unit_online_tusur.ParamTest" time="0.001"/>
  <testcase name="testWithValueSourse{Integer}[24]" classname="online_tusur.unit_online_tusur.ParamTest" time="0.001"/>
  <testcase name="testWithValueSourse{Integer}[25]" classname="online_tusur.unit_online_tusur.ParamTest" time="0.001"/>
  <testcase name="testWithValueSourse{Integer}[26]" classname="online_tusur.unit_online_tusur.ParamTest" time="0.001"/>
  <testcase name="testWithValueSourse{Integer}[27]" classname="online_tusur.unit_online_tusur.ParamTest" time="0"/>
  <testcase name="testWithValueSourse{Integer}[28]" classname="online_tusur.unit_online_tusur.ParamTest" time="0.001"/>
  <testcase name="testWithValueSourse{Integer}[29]" classname="online_tusur.unit_online_tusur.ParamTest" time="0.001"/>
  <testcase name="testWithValueSourse{Integer}[30]" classname="online_tusur.unit_online_tusur.ParamTest" time="0.001"/>
  <testcase name="testWithValueSourse{Integer}[31]" classname="online_tusur.unit_online_tusur.ParamTest" time="0"/>
  <testcase name="testWithValueSourse{Integer}[32]" classname="online_tusur.unit_online_tusur.ParamTest" time="0"/>
</testsuite>