<?xml version="1.0" encoding="UTF-8"?>
<testng-results skipped="0" failed="1" ignored="0" total="5" passed="4">
  <reporter-output>
  </reporter-output>
  <suite name="Default suite" duration-ms="96" started-at="2022-02-03T21:46:43 GMT+07:00" finished-at="2022-02-03T21:46:43 GMT+07:00">
    <groups>
    </groups>
    <test name="Default test" duration-ms="96" started-at="2022-02-03T21:46:43 GMT+07:00" finished-at="2022-02-03T21:46:43 GMT+07:00">
      <class name="online_tusur.unit_online_tusur.Test_NG">
        <test-method status="PASS" signature="setUp()[pri:0, instance:online_tusur.unit_online_tusur.Test_NG@42f93a98]" name="setUp" is-config="true" duration-ms="6" started-at="2022-02-03T21:46:43 GMT+07:00" finished-at="2022-02-03T21:46:43 GMT+07:00">
          <reporter-output>
          </reporter-output>
        </test-method> <!-- setUp -->
        <test-method status="PASS" signature="TestAge(int,int)[pri:0, instance:online_tusur.unit_online_tusur.Test_NG@42f93a98]" name="TestAge" duration-ms="48" started-at="2022-02-03T21:46:43 GMT+07:00" data-provider="data" finished-at="2022-02-03T21:46:43 GMT+07:00">
          <params>
            <param index="0">
              <value>
                <![CDATA[0]]>
              </value>
            </param>
            <param index="1">
              <value>
                <![CDATA[18]]>
              </value>
            </param>
          </params>
          <reporter-output>
          </reporter-output>
        </test-method> <!-- TestAge -->
        <test-method status="PASS" signature="TestAge(int,int)[pri:0, instance:online_tusur.unit_online_tusur.Test_NG@42f93a98]" name="TestAge" duration-ms="0" started-at="2022-02-03T21:46:43 GMT+07:00" data-provider="data" finished-at="2022-02-03T21:46:43 GMT+07:00">
          <params>
            <param index="0">
              <value>
                <![CDATA[18]]>
              </value>
            </param>
            <param index="1">
              <value>
                <![CDATA[18]]>
              </value>
            </param>
          </params>
          <reporter-output>
          </reporter-output>
        </test-method> <!-- TestAge -->
        <test-method status="FAIL" signature="TestAge(int,int)[pri:0, instance:online_tusur.unit_online_tusur.Test_NG@42f93a98]" name="TestAge" duration-ms="1" started-at="2022-02-03T21:46:43 GMT+07:00" data-provider="data" finished-at="2022-02-03T21:46:43 GMT+07:00">
          <params>
            <param index="0">
              <value>
                <![CDATA[50]]>
              </value>
            </param>
            <param index="1">
              <value>
                <![CDATA[50]]>
              </value>
            </param>
          </params>
          <exception class="java.lang.AssertionError">
            <message>
              <![CDATA[expected [18] but found [50]]]>
            </message>
            <full-stacktrace>
              <![CDATA[java.lang.AssertionError: expected [18] but found [50]
at org.testng.Assert.fail(Assert.java:99)
at org.testng.Assert.failNotEquals(Assert.java:1037)
at org.testng.Assert.assertEqualsImpl(Assert.java:140)
at org.testng.Assert.assertEquals(Assert.java:122)
at org.testng.Assert.assertEquals(Assert.java:907)
at org.testng.Assert.assertEquals(Assert.java:917)
at online_tusur.unit_online_tusur.Test_NG.TestAge(Test_NG.java:55)
at sun.reflect.NativeMethodAccessorImpl.invoke0(Native Method)
at sun.reflect.NativeMethodAccessorImpl.invoke(NativeMethodAccessorImpl.java:62)
at sun.reflect.DelegatingMethodAccessorImpl.invoke(DelegatingMethodAccessorImpl.java:43)
at java.lang.reflect.Method.invoke(Method.java:498)
at org.testng.internal.MethodInvocationHelper.invokeMethod(MethodInvocationHelper.java:133)
at org.testng.internal.TestInvoker.invokeMethod(TestInvoker.java:598)
at org.testng.internal.TestInvoker.invokeTestMethod(TestInvoker.java:173)
at org.testng.internal.MethodRunner.runInSequence(MethodRunner.java:46)
at org.testng.internal.TestInvoker$MethodInvocationAgent.invoke(TestInvoker.java:824)
at org.testng.internal.TestInvoker.invokeTestMethods(TestInvoker.java:146)
at org.testng.internal.TestMethodWorker.invokeTestMethods(TestMethodWorker.java:146)
at org.testng.internal.TestMethodWorker.run(TestMethodWorker.java:128)
at java.util.ArrayList.forEach(ArrayList.java:1257)
at org.testng.TestRunner.privateRun(TestRunner.java:794)
at org.testng.TestRunner.run(TestRunner.java:596)
at org.testng.SuiteRunner.runTest(SuiteRunner.java:377)
at org.testng.SuiteRunner.runSequentially(SuiteRunner.java:371)
at org.testng.SuiteRunner.privateRun(SuiteRunner.java:332)
at org.testng.SuiteRunner.run(SuiteRunner.java:276)
at org.testng.SuiteRunnerWorker.runSuite(SuiteRunnerWorker.java:53)
at org.testng.SuiteRunnerWorker.run(SuiteRunnerWorker.java:96)
at org.testng.TestNG.runSuitesSequentially(TestNG.java:1212)
at org.testng.TestNG.runSuitesLocally(TestNG.java:1134)
at org.testng.TestNG.runSuites(TestNG.java:1063)
at org.testng.TestNG.run(TestNG.java:1031)
at org.testng.remote.AbstractRemoteTestNG.run(AbstractRemoteTestNG.java:115)
at org.testng.remote.RemoteTestNG.initAndRun(RemoteTestNG.java:251)
at org.testng.remote.RemoteTestNG.main(RemoteTestNG.java:77)
]]>
            </full-stacktrace>
          </exception> <!-- java.lang.AssertionError -->
          <reporter-output>
          </reporter-output>
        </test-method> <!-- TestAge -->
        <test-method status="PASS" signature="TestAge(int,int)[pri:0, instance:online_tusur.unit_online_tusur.Test_NG@42f93a98]" name="TestAge" duration-ms="1" started-at="2022-02-03T21:46:43 GMT+07:00" data-provider="data" finished-at="2022-02-03T21:46:43 GMT+07:00">
          <params>
            <param index="0">
              <value>
                <![CDATA[25]]>
              </value>
            </param>
            <param index="1">
              <value>
                <![CDATA[25]]>
              </value>
            </param>
          </params>
          <reporter-output>
          </reporter-output>
        </test-method> <!-- TestAge -->
        <test-method status="PASS" signature="TestNG_SetAvg(int,int)[pri:0, instance:online_tusur.unit_online_tusur.Test_NG@42f93a98]" name="TestNG_SetAvg" duration-ms="1" started-at="2022-02-03T21:46:43 GMT+07:00" finished-at="2022-02-03T21:46:43 GMT+07:00">
          <params>
            <param index="0">
              <value>
                <![CDATA[50]]>
              </value>
            </param>
            <param index="1">
              <value>
                <![CDATA[18]]>
              </value>
            </param>
          </params>
          <reporter-output>
          </reporter-output>
        </test-method> <!-- TestNG_SetAvg -->
        <test-method status="PASS" signature="tearDown()[pri:0, instance:online_tusur.unit_online_tusur.Test_NG@42f93a98]" name="tearDown" is-config="true" duration-ms="0" started-at="2022-02-03T21:46:43 GMT+07:00" finished-at="2022-02-03T21:46:43 GMT+07:00">
          <reporter-output>
          </reporter-output>
        </test-method> <!-- tearDown -->
      </class> <!-- online_tusur.unit_online_tusur.Test_NG -->
    </test> <!-- Default test -->
  </suite> <!-- Default suite -->
</testng-results>
