<?xml version="1.0" encoding="UTF-8"?>
<testng-results skipped="0" failed="0" ignored="0" total="3" passed="3">
  <reporter-output>
  </reporter-output>
  <suite name="Default suite" duration-ms="82" started-at="2022-02-03T22:12:24 GMT+07:00" finished-at="2022-02-03T22:12:24 GMT+07:00">
    <groups>
    </groups>
    <test name="Default test" duration-ms="82" started-at="2022-02-03T22:12:24 GMT+07:00" finished-at="2022-02-03T22:12:24 GMT+07:00">
      <class name="online_tusur.unit_online_tusur.Test_NG_Dynamic">
        <test-method status="PASS" signature="TestLastName()[pri:0, instance:online_tusur.unit_online_tusur.Test_NG_Dynamic@17579e0f, instance params:[Pavlova, pavlova]]" name="TestLastName" duration-ms="47" started-at="2022-02-03T22:12:24 GMT+07:00" finished-at="2022-02-03T22:12:24 GMT+07:00">
          <reporter-output>
          </reporter-output>
        </test-method> <!-- TestLastName -->
        <test-method status="PASS" signature="TestLastName()[pri:0, instance:online_tusur.unit_online_tusur.Test_NG_Dynamic@4b1c1ea0, instance params:[Morozov, Morozov]]" name="TestLastName" duration-ms="2" started-at="2022-02-03T22:12:24 GMT+07:00" finished-at="2022-02-03T22:12:24 GMT+07:00">
          <reporter-output>
          </reporter-output>
        </test-method> <!-- TestLastName -->
        <test-method status="PASS" signature="TestLastName()[pri:0, instance:online_tusur.unit_online_tusur.Test_NG_Dynamic@4d41cee, instance params:[Titov, TITOV]]" name="TestLastName" duration-ms="1" started-at="2022-02-03T22:12:24 GMT+07:00" finished-at="2022-02-03T22:12:24 GMT+07:00">
          <reporter-output>
          </reporter-output>
        </test-method> <!-- TestLastName -->
      </class> <!-- online_tusur.unit_online_tusur.Test_NG_Dynamic -->
    </test> <!-- Default test -->
  </suite> <!-- Default suite -->
</testng-results>
