<?xml version="1.0" encoding="UTF-8"?>
<testng-results skipped="0" failed="1" ignored="0" total="8" passed="7">
  <reporter-output>
  </reporter-output>
  <suite name="Suite" duration-ms="143" started-at="2022-02-15T00:20:31 GMT+07:00" finished-at="2022-02-15T00:20:31 GMT+07:00">
    <groups>
    </groups>
    <test name="Test" duration-ms="143" started-at="2022-02-15T00:20:31 GMT+07:00" finished-at="2022-02-15T00:20:31 GMT+07:00">
      <class name="online_tusur.unit_online_tusur.Test_NG_Dynamic">
        <test-method status="PASS" signature="TestLastName()[pri:0, instance:online_tusur.unit_online_tusur.Test_NG_Dynamic@1e7c7811, instance params:[Titov, TITOV]]" name="TestLastName" duration-ms="89" started-at="2022-02-15T00:20:31 GMT+07:00" finished-at="2022-02-15T00:20:31 GMT+07:00">
          <reporter-output>
          </reporter-output>
        </test-method> <!-- TestLastName -->
        <test-method status="PASS" signature="TestLastName()[pri:0, instance:online_tusur.unit_online_tusur.Test_NG_Dynamic@50d0686, instance params:[Morozov, Morozov]]" name="TestLastName" duration-ms="89" started-at="2022-02-15T00:20:31 GMT+07:00" finished-at="2022-02-15T00:20:31 GMT+07:00">
          <reporter-output>
          </reporter-output>
        </test-method> <!-- TestLastName -->
        <test-method status="PASS" signature="TestLastName()[pri:0, instance:online_tusur.unit_online_tusur.Test_NG_Dynamic@7a3d45bd, instance params:[Pavlova, pavlova]]" name="TestLastName" duration-ms="89" started-at="2022-02-15T00:20:31 GMT+07:00" finished-at="2022-02-15T00:20:31 GMT+07:00">
          <reporter-output>
          </reporter-output>
        </test-method> <!-- TestLastName -->
      </class> <!-- online_tusur.unit_online_tusur.Test_NG_Dynamic -->
      <class name="online_tusur.unit_online_tusur.Test_NG">
        <test-method status="PASS" signature="setUp()[pri:0, instance:online_tusur.unit_online_tusur.Test_NG@7b69c6ba]" name="setUp" is-config="true" duration-ms="2" started-at="2022-02-15T00:20:31 GMT+07:00" finished-at="2022-02-15T00:20:31 GMT+07:00">
          <reporter-output>
          </reporter-output>
        </test-method> <!-- setUp -->
        <test-method status="PASS" signature="TestNG_SetAvg(int,int)[pri:0, instance:online_tusur.unit_online_tusur.Test_NG@7b69c6ba]" name="TestNG_SetAvg" duration-ms="14" started-at="2022-02-15T00:20:31 GMT+07:00" finished-at="2022-02-15T00:20:31 GMT+07:00">
          <params>
            <param index="0">
              <value>
                <![CDATA[18]]>
              </value>
            </param>
            <param index="1">
              <value>
                <![CDATA[18]]>
              </value>
            </param>
          </params>
          <reporter-output>
          </reporter-output>
        </test-method> <!-- TestNG_SetAvg -->
        <test-method status="PASS" signature="TestAge(int,int)[pri:0, instance:online_tusur.unit_online_tusur.Test_NG@7b69c6ba]" name="TestAge" duration-ms="57" started-at="2022-02-15T00:20:31 GMT+07:00" data-provider="data" finished-at="2022-02-15T00:20:31 GMT+07:00">
          <params>
            <param index="0">
              <value>
                <![CDATA[0]]>
              </value>
            </param>
            <param index="1">
              <value>
                <![CDATA[18]]>
              </value>
            </param>
          </params>
          <reporter-output>
          </reporter-output>
        </test-method> <!-- TestAge -->
        <test-method status="FAIL" signature="TestAge(int,int)[pri:0, instance:online_tusur.unit_online_tusur.Test_NG@7b69c6ba]" name="TestAge" duration-ms="10" started-at="2022-02-15T00:20:31 GMT+07:00" data-provider="data" finished-at="2022-02-15T00:20:31 GMT+07:00">
          <params>
            <param index="0">
              <value>
                <![CDATA[50]]>
              </value>
            </param>
            <param index="1">
              <value>
                <![CDATA[50]]>
              </value>
            </param>
          </params>
          <exception class="java.lang.AssertionError">
            <message>
              <![CDATA[expected [18] but found [50]]]>
            </message>
            <full-stacktrace>
              <![CDATA[java.lang.AssertionError: expected [18] but found [50]
at org.testng.Assert.fail(Assert.java:99)
at org.testng.Assert.failNotEquals(Assert.java:1037)
at org.testng.Assert.assertEqualsImpl(Assert.java:140)
at org.testng.Assert.assertEquals(Assert.java:122)
at org.testng.Assert.assertEquals(Assert.java:907)
at org.testng.Assert.assertEquals(Assert.java:917)
at online_tusur.unit_online_tusur.Test_NG.TestAge(Test_NG.java:60)
at sun.reflect.NativeMethodAccessorImpl.invoke0(Native Method)
at sun.reflect.NativeMethodAccessorImpl.invoke(NativeMethodAccessorImpl.java:62)
at sun.reflect.DelegatingMethodAccessorImpl.invoke(DelegatingMethodAccessorImpl.java:43)
at java.lang.reflect.Method.invoke(Method.java:498)
at org.testng.internal.MethodInvocationHelper.invokeMethod(MethodInvocationHelper.java:133)
at org.testng.internal.TestInvoker.invokeMethod(TestInvoker.java:598)
at org.testng.internal.TestInvoker.invokeTestMethod(TestInvoker.java:173)
at org.testng.internal.TestMethodWithDataProviderMethodWorker.call(TestMethodWithDataProviderMethodWorker.java:77)
at org.testng.internal.TestMethodWithDataProviderMethodWorker.call(TestMethodWithDataProviderMethodWorker.java:15)
at java.util.concurrent.FutureTask.run(FutureTask.java:266)
at java.util.concurrent.Executors$RunnableAdapter.call(Executors.java:511)
at java.util.concurrent.FutureTask.run(FutureTask.java:266)
at java.util.concurrent.ThreadPoolExecutor.runWorker(ThreadPoolExecutor.java:1149)
at java.util.concurrent.ThreadPoolExecutor$Worker.run(ThreadPoolExecutor.java:624)
at java.lang.Thread.run(Thread.java:748)
]]>
            </full-stacktrace>
          </exception> <!-- java.lang.AssertionError -->
          <reporter-output>
          </reporter-output>
        </test-method> <!-- TestAge -->
        <test-method status="PASS" signature="TestAge(int,int)[pri:0, instance:online_tusur.unit_online_tusur.Test_NG@7b69c6ba]" name="TestAge" duration-ms="56" started-at="2022-02-15T00:20:31 GMT+07:00" data-provider="data" finished-at="2022-02-15T00:20:31 GMT+07:00">
          <params>
            <param index="0">
              <value>
                <![CDATA[25]]>
              </value>
            </param>
            <param index="1">
              <value>
                <![CDATA[25]]>
              </value>
            </param>
          </params>
          <reporter-output>
          </reporter-output>
        </test-method> <!-- TestAge -->
        <test-method status="PASS" signature="TestAge(int,int)[pri:0, instance:online_tusur.unit_online_tusur.Test_NG@7b69c6ba]" name="TestAge" duration-ms="56" started-at="2022-02-15T00:20:31 GMT+07:00" data-provider="data" finished-at="2022-02-15T00:20:31 GMT+07:00">
          <params>
            <param index="0">
              <value>
                <![CDATA[18]]>
              </value>
            </param>
            <param index="1">
              <value>
                <![CDATA[18]]>
              </value>
            </param>
          </params>
          <reporter-output>
          </reporter-output>
        </test-method> <!-- TestAge -->
        <test-method status="PASS" signature="tearDown()[pri:0, instance:online_tusur.unit_online_tusur.Test_NG@7b69c6ba]" name="tearDown" is-config="true" duration-ms="0" started-at="2022-02-15T00:20:31 GMT+07:00" finished-at="2022-02-15T00:20:31 GMT+07:00">
          <reporter-output>
          </reporter-output>
        </test-method> <!-- tearDown -->
      </class> <!-- online_tusur.unit_online_tusur.Test_NG -->
    </test> <!-- Test -->
  </suite> <!-- Suite -->
</testng-results>
