<?xml version="1.0" encoding="UTF-8"?>
<testng-results skipped="0" failed="0" ignored="2" total="4" passed="2">
  <reporter-output>
  </reporter-output>
  <suite name="Suite" duration-ms="9772" started-at="2022-03-31T23:15:42 GMT+07:00" finished-at="2022-03-31T23:15:52 GMT+07:00">
    <groups>
    </groups>
    <test name="ChromeTest" duration-ms="5020" started-at="2022-03-31T23:15:42 GMT+07:00" finished-at="2022-03-31T23:15:47 GMT+07:00">
      <class name="TestGrid4TestNG">
        <test-method status="PASS" signature="setUp()[pri:0, instance:TestGrid4TestNG@6d3af739]" name="setUp" is-config="true" duration-ms="5" started-at="2022-03-31T23:15:42 GMT+07:00" finished-at="2022-03-31T23:15:42 GMT+07:00">
          <reporter-output>
          </reporter-output>
        </test-method> <!-- setUp -->
        <test-method status="PASS" signature="test2()[pri:0, instance:TestGrid4TestNG@6d3af739]" name="test2" duration-ms="4975" started-at="2022-03-31T23:15:42 GMT+07:00" finished-at="2022-03-31T23:15:47 GMT+07:00">
          <reporter-output>
          </reporter-output>
        </test-method> <!-- test2 -->
      </class> <!-- TestGrid4TestNG -->
    </test> <!-- ChromeTest -->
    <test name="FirefoxTest" duration-ms="9772" started-at="2022-03-31T23:15:42 GMT+07:00" finished-at="2022-03-31T23:15:52 GMT+07:00">
      <class name="TestGrid4TestNG">
        <test-method status="PASS" signature="setUp()[pri:0, instance:TestGrid4TestNG@3578436e]" name="setUp" is-config="true" duration-ms="5" started-at="2022-03-31T23:15:42 GMT+07:00" finished-at="2022-03-31T23:15:42 GMT+07:00">
          <reporter-output>
          </reporter-output>
        </test-method> <!-- setUp -->
        <test-method status="PASS" signature="test1()[pri:0, instance:TestGrid4TestNG@3578436e]" name="test1" duration-ms="9727" started-at="2022-03-31T23:15:42 GMT+07:00" finished-at="2022-03-31T23:15:52 GMT+07:00">
          <reporter-output>
          </reporter-output>
        </test-method> <!-- test1 -->
      </class> <!-- TestGrid4TestNG -->
    </test> <!-- FirefoxTest -->
  </suite> <!-- Suite -->
</testng-results>
